{
  "stats": {
    "suites": 1,
    "tests": 3,
    "passes": 3,
    "pending": 0,
    "failures": 0,
    "start": "2025-07-22T19:39:55.706Z",
    "end": "2025-07-22T19:39:57.713Z",
    "duration": 2007,
    "testsRegistered": 3,
    "passPercent": 100,
    "pendingPercent": 0,
    "other": 0,
    "hasOther": false,
    "skipped": 0,
    "hasSkipped": false
  },
  "results": [
    {
      "uuid": "de2c779a-319f-4720-8991-7b9d8fc54790",
      "title": "",
      "fullFile": "cypress\\e2e\\apiLogin.cy.js",
      "file": "cypress\\e2e\\apiLogin.cy.js",
      "beforeHooks": [],
      "afterHooks": [],
      "tests": [
        {
          "title": "should fail to login with wrong credentials",
          "fullTitle": "should fail to login with wrong credentials",
          "timedOut": null,
          "duration": 623,
          "state": "passed",
          "speed": "fast",
          "pass": true,
          "fail": false,
          "pending": false,
          "context": null,
          "code": "const fakeEmail = _faker.faker.internet.email(); // Génère un email aléatoire.\nconst fakePassword = _faker.faker.internet.password(); // Génère un mot de passe aléatoire.\ncy.request({\n  method: \"POST\",\n  url: apiLogin,\n  body: {\n    username: fakeEmail,\n    password: fakePassword\n  },\n  failOnStatusCode: false // Permet de capturer la réponse même si le code est une erreur.\n}).then(response => {\n  expect(response.status).to.eq(401); // Vérifie que le serveur retourne une erreur 401.\n  expect(response.body.message).to.include(\"Invalid credentials\"); // Vérifie le message d'erreur.\n});",
          "err": {},
          "uuid": "8921a9e3-e5ac-477c-baad-30fec707ddd2",
          "parentUUID": "de2c779a-319f-4720-8991-7b9d8fc54790",
          "isHook": false,
          "skipped": false
        },
        {
          "title": "should fail to login if the JSON format is invalid",
          "fullTitle": "should fail to login if the JSON format is invalid",
          "timedOut": null,
          "duration": 334,
          "state": "passed",
          "speed": "fast",
          "pass": true,
          "fail": false,
          "pending": false,
          "context": null,
          "code": "cy.request({\n  method: \"POST\",\n  url: apiLogin,\n  body: \"{badJson:true}\",\n  // Envoie un corps de requête JSON invalide.\n  headers: {\n    \"Content-Type\": \"application/json\"\n  },\n  failOnStatusCode: false // Permet de capturer la réponse même si le code est une erreur.\n}).then(response => {\n  expect(response.status).to.eq(400); // Vérifie que le serveur retourne une erreur 400.\n});",
          "err": {},
          "uuid": "bd3117e9-a218-4efa-82ad-90bd43203bb2",
          "parentUUID": "de2c779a-319f-4720-8991-7b9d8fc54790",
          "isHook": false,
          "skipped": false
        }
      ],
      "suites": [
        {
          "uuid": "97e502b1-d3fc-4392-92f7-dbda72432a1f",
          "title": "POST /login",
          "fullFile": "",
          "file": "",
          "beforeHooks": [],
          "afterHooks": [],
          "tests": [
            {
              "title": "should login successfully",
              "fullTitle": "POST /login should login successfully",
              "timedOut": null,
              "duration": 942,
              "state": "passed",
              "speed": "fast",
              "pass": true,
              "fail": false,
              "pending": false,
              "context": null,
              "code": "cy.request({\n  method: \"POST\",\n  url: apiLogin,\n  body: {\n    username: \"test2@test.fr\",\n    password: \"testtest\"\n  },\n  failOnStatusCode: true // Le test échoue si le serveur retourne une erreur HTTP.\n}).then(response => {\n  expect(response.status).to.eq(200); // Vérifie que la connexion est réussie.\n  expect(response.body).to.have.property(\"token\"); // Vérifie que le token est présent dans la réponse.\n});",
              "err": {},
              "uuid": "beffb571-d87f-4290-b30d-c0757431be9e",
              "parentUUID": "97e502b1-d3fc-4392-92f7-dbda72432a1f",
              "isHook": false,
              "skipped": false
            }
          ],
          "suites": [],
          "passes": [
            "beffb571-d87f-4290-b30d-c0757431be9e"
          ],
          "failures": [],
          "pending": [],
          "skipped": [],
          "duration": 942,
          "root": false,
          "rootEmpty": false,
          "_timeout": 2000
        }
      ],
      "passes": [
        "8921a9e3-e5ac-477c-baad-30fec707ddd2",
        "bd3117e9-a218-4efa-82ad-90bd43203bb2"
      ],
      "failures": [],
      "pending": [],
      "skipped": [],
      "duration": 957,
      "root": true,
      "rootEmpty": false,
      "_timeout": 2000
    }
  ],
  "meta": {
    "mocha": {
      "version": "7.2.0"
    },
    "mochawesome": {
      "options": {
        "quiet": false,
        "reportFilename": "mochawesome",
        "saveHtml": true,
        "saveJson": true,
        "consoleReporter": "spec",
        "useInlineDiffs": false,
        "code": true
      },
      "version": "7.1.3"
    },
    "marge": {
      "options": {
        "reportDir": "cypress/reports/mochawesome",
        "overwrite": false,
        "html": true,
        "json": true
      },
      "version": "6.2.0"
    }
  }
}