{
  "stats": {
    "suites": 4,
    "tests": 4,
    "passes": 4,
    "pending": 0,
    "failures": 0,
    "start": "2025-07-22T19:39:44.577Z",
    "end": "2025-07-22T19:39:47.311Z",
    "duration": 2734,
    "testsRegistered": 4,
    "passPercent": 100,
    "pendingPercent": 0,
    "other": 0,
    "hasOther": false,
    "skipped": 0,
    "hasSkipped": false
  },
  "results": [
    {
      "uuid": "b5e047f8-e43b-44ae-8b39-2b33f836c10c",
      "title": "",
      "fullFile": "cypress\\e2e\\apiGetReviews.cy.js",
      "file": "cypress\\e2e\\apiGetReviews.cy.js",
      "beforeHooks": [],
      "afterHooks": [],
      "tests": [],
      "suites": [
        {
          "uuid": "e6de5da8-c362-4827-b915-ee6fce2dd4f8",
          "title": "GET / Reviews",
          "fullFile": "",
          "file": "",
          "beforeHooks": [],
          "afterHooks": [],
          "tests": [
            {
              "title": "Devrait retourner un 200 avec la liste des avis",
              "fullTitle": "GET / Reviews Devrait retourner un 200 avec la liste des avis",
              "timedOut": null,
              "duration": 305,
              "state": "passed",
              "speed": "fast",
              "pass": true,
              "fail": false,
              "pending": false,
              "context": null,
              "code": "cy.request({\n  method: \"GET\",\n  url: apiUrl + \"/reviews\",\n  headers: {\n    Accept: \"application/json\"\n  }\n}).then(response => {\n  expect(response.status).to.eq(200); // Vérifie que la requête est réussie\n  expect(response.body).to.be.an(\"array\"); // Vérifie que la réponse est un tableau\n  expect(response.body.length).to.be.greaterThan(0); // Vérifie qu'il y a au moins un avis\n  // Vérifie les propriétés de chaque avis\n  response.body.forEach(review => {\n    expect(review).to.include.keys(\"date\", \"title\", \"comment\", \"rating\", \"author\");\n    expect(review.date).to.be.a(\"string\");\n    expect(review.title).to.be.a(\"string\");\n    expect(review.comment).to.be.a(\"string\");\n    expect(review.rating).to.be.a(\"number\");\n    expect(review.author).to.be.an(\"object\");\n    expect(review.author).to.include.keys(\"firstname\", \"lastname\", \"email\");\n  });\n});",
              "err": {},
              "uuid": "fceaeed3-3433-4f5c-a04a-dbb81d4c6b8d",
              "parentUUID": "e6de5da8-c362-4827-b915-ee6fce2dd4f8",
              "isHook": false,
              "skipped": false
            }
          ],
          "suites": [],
          "passes": [
            "fceaeed3-3433-4f5c-a04a-dbb81d4c6b8d"
          ],
          "failures": [],
          "pending": [],
          "skipped": [],
          "duration": 305,
          "root": false,
          "rootEmpty": false,
          "_timeout": 2000
        },
        {
          "uuid": "ef165cdd-1b9e-4df7-aa5f-9650eb9e29a4",
          "title": "POST /Login to create a review",
          "fullFile": "",
          "file": "",
          "beforeHooks": [],
          "afterHooks": [],
          "tests": [
            {
              "title": "Devrait créer un avis avec succès",
              "fullTitle": "POST /Login to create a review Devrait créer un avis avec succès",
              "timedOut": null,
              "duration": 1002,
              "state": "passed",
              "speed": "fast",
              "pass": true,
              "fail": false,
              "pending": false,
              "context": null,
              "code": "const reviewData = {\n  title: _faker.faker.lorem.sentence(),\n  comment: _faker.faker.lorem.paragraph(),\n  rating: _faker.faker.number.int({\n    min: 1,\n    max: 5\n  })\n};\ncy.request({\n  method: \"POST\",\n  url: apiUrl + \"/reviews\",\n  headers: {\n    Authorization: \"Bearer \" + token,\n    Accept: \"application/json\"\n  },\n  body: reviewData\n}).then(response => {\n  expect(response.status).to.eq(200); // Vérifie que la création est réussie\n  expect(response.body).to.be.an(\"object\"); // Vérifie que la réponse est un objet\n  expect(response.body).to.include.keys(\"id\", \"date\", \"title\", \"comment\", \"author\");\n  expect(response.body.author).to.be.an(\"object\");\n  expect(response.body.author).to.include.keys(\"id\", \"email\");\n});",
              "err": {},
              "uuid": "6ee6c334-46f9-4bc5-8198-b9d0c81f7c21",
              "parentUUID": "ef165cdd-1b9e-4df7-aa5f-9650eb9e29a4",
              "isHook": false,
              "skipped": false
            }
          ],
          "suites": [],
          "passes": [
            "6ee6c334-46f9-4bc5-8198-b9d0c81f7c21"
          ],
          "failures": [],
          "pending": [],
          "skipped": [],
          "duration": 1002,
          "root": false,
          "rootEmpty": false,
          "_timeout": 2000
        },
        {
          "uuid": "e7849b75-705a-474c-a47a-d3e4c0926f3d",
          "title": "POST/ erreur 400 donnés invalides",
          "fullFile": "",
          "file": "",
          "beforeHooks": [],
          "afterHooks": [],
          "tests": [
            {
              "title": "Devrait retourner une erreur 400 si les données sont invalides",
              "fullTitle": "POST/ erreur 400 donnés invalides Devrait retourner une erreur 400 si les données sont invalides",
              "timedOut": null,
              "duration": 1142,
              "state": "passed",
              "speed": "fast",
              "pass": true,
              "fail": false,
              "pending": false,
              "context": null,
              "code": "const invalidReview = {\n  comment: _faker.faker.lorem.paragraph(),\n  rating: 50\n};\ncy.request({\n  method: \"POST\",\n  url: apiUrl + \"/reviews\",\n  headers: {\n    Authorization: \"Bearer \" + token,\n    Accept: \"application/json\"\n  },\n  body: invalidReview,\n  failOnStatusCode: false // Permet de capturer l'erreur 400\n}).then(response => {\n  expect(response.status).to.eq(400); // Vérifie que le serveur retourne une erreur 400\n  if (typeof response.body === \"string\") {\n    expect(response.body).to.include(\"Erreur dans les données envoyées\");\n  }\n});",
              "err": {},
              "uuid": "961a3b8a-7d07-4b76-8bf6-e8ccda3f2f9d",
              "parentUUID": "e7849b75-705a-474c-a47a-d3e4c0926f3d",
              "isHook": false,
              "skipped": false
            }
          ],
          "suites": [],
          "passes": [
            "961a3b8a-7d07-4b76-8bf6-e8ccda3f2f9d"
          ],
          "failures": [],
          "pending": [],
          "skipped": [],
          "duration": 1142,
          "root": false,
          "rootEmpty": false,
          "_timeout": 2000
        },
        {
          "uuid": "a0b75e6f-51d0-4bb5-860b-ceb8a5a108a7",
          "title": "POST /review sans authentification",
          "fullFile": "",
          "file": "",
          "beforeHooks": [],
          "afterHooks": [],
          "tests": [
            {
              "title": "should return Error: Unauthorized",
              "fullTitle": "POST /review sans authentification should return Error: Unauthorized",
              "timedOut": null,
              "duration": 137,
              "state": "passed",
              "speed": "fast",
              "pass": true,
              "fail": false,
              "pending": false,
              "context": null,
              "code": "cy.request({\n  method: \"POST\",\n  url: apiUrl + \"/reviews\",\n  failOnStatusCode: false\n}).then(response => {\n  expect(response.status).to.eq(401); // Vérifie que le serveur retourne une erreur 401\n  if (typeof response.body === \"string\") {\n    expect(response.body).to.include(\"Unauthorized\");\n  }\n});",
              "err": {},
              "uuid": "db9cf8a0-1cb9-4d15-8bce-ebe1d910aebd",
              "parentUUID": "a0b75e6f-51d0-4bb5-860b-ceb8a5a108a7",
              "isHook": false,
              "skipped": false
            }
          ],
          "suites": [],
          "passes": [
            "db9cf8a0-1cb9-4d15-8bce-ebe1d910aebd"
          ],
          "failures": [],
          "pending": [],
          "skipped": [],
          "duration": 137,
          "root": false,
          "rootEmpty": false,
          "_timeout": 2000
        }
      ],
      "passes": [],
      "failures": [],
      "pending": [],
      "skipped": [],
      "duration": 0,
      "root": true,
      "rootEmpty": true,
      "_timeout": 2000
    }
  ],
  "meta": {
    "mocha": {
      "version": "7.2.0"
    },
    "mochawesome": {
      "options": {
        "quiet": false,
        "reportFilename": "mochawesome",
        "saveHtml": true,
        "saveJson": true,
        "consoleReporter": "spec",
        "useInlineDiffs": false,
        "code": true
      },
      "version": "7.1.3"
    },
    "marge": {
      "options": {
        "reportDir": "cypress/reports/mochawesome",
        "overwrite": false,
        "html": true,
        "json": true
      },
      "version": "6.2.0"
    }
  }
}