{
  "stats": {
    "suites": 1,
    "tests": 4,
    "passes": 2,
    "pending": 0,
    "failures": 2,
    "start": "2025-07-22T19:38:22.682Z",
    "end": "2025-07-22T19:38:52.623Z",
    "duration": 29941,
    "testsRegistered": 4,
    "passPercent": 50,
    "pendingPercent": 0,
    "other": 0,
    "hasOther": false,
    "skipped": 0,
    "hasSkipped": false
  },
  "results": [
    {
      "uuid": "65b343ff-6edd-4942-bbb7-1277287bb3de",
      "title": "",
      "fullFile": "cypress\\e2e\\2-pannier.cy.js",
      "file": "cypress\\e2e\\2-pannier.cy.js",
      "beforeHooks": [],
      "afterHooks": [],
      "tests": [],
      "suites": [
        {
          "uuid": "c42083e2-79f0-40ea-ab3d-83124c35edb2",
          "title": "Ajout au panier et vérification du stock",
          "fullFile": "",
          "file": "",
          "beforeHooks": [],
          "afterHooks": [],
          "tests": [
            {
              "title": "devrait ajouter un produit et vérifier la diminution du stock",
              "fullTitle": "Ajout au panier et vérification du stock devrait ajouter un produit et vérifier la diminution du stock",
              "timedOut": null,
              "duration": 4717,
              "state": "passed",
              "speed": "fast",
              "pass": true,
              "fail": false,
              "pending": false,
              "context": null,
              "code": "// Sélection du produit \"Poussière de lune\" et accès à sa fiche.\ncy.contains('[data-cy=\"product\"]', \"Poussière de lune\").find('[data-cy=\"product-link\"]').click();\n// Extraction du stock initial affiché sur la fiche produit.\ncy.get('[data-cy=\"detail-product-stock\"]', {\n  timeout: 10000\n}).should($el => {\n  const rawText = $el.text();\n  const match = rawText.match(/\\d+/);\n  expect(match, \"Aucun chiffre trouvé dans le texte de stock\").to.not.be.null;\n  initialStock = parseInt(match[0], 10);\n  expect(initialStock).to.be.a(\"number\").and.to.be.greaterThan(0);\n});\n// Ajout du produit au panier.\ncy.get('[data-cy=\"detail-product-add\"]').click();\n// Vérification de la redirection vers le panier et de la présence du produit.\ncy.get('[data-cy=\"nav-link-cart\"]').click();\ncy.url().should(\"include\", \"#/cart\");\ncy.get(\"#cart-content\").should(\"exist\");\ncy.get('[data-cy=\"cart-line\"]').should(\"contain\", \"Poussière de lune\");\n// Retour sur la fiche produit pour vérifier le stock mis à jour.\ncy.go(\"back\"); // Retour à la fiche produit.\ncy.contains('[data-cy=\"detail-product-name\"]', \"Poussière de lune\").should(\"be.visible\");\n// Vérifie que le stock a diminué de 1 après l’ajout au panier.\ncy.get('[data-cy=\"detail-product-stock\"]').invoke(\"text\").then(updatedText => {\n  const match = updatedText.match(/\\d+/);\n  expect(match, \"Aucun chiffre trouvé après ajout\").to.not.be.null;\n  const updatedStock = parseInt(match[0], 10);\n  expect(updatedStock).to.eq(initialStock - 1);\n});",
              "err": {},
              "uuid": "0d98b2a8-0c3d-4655-ad20-667cb07538dc",
              "parentUUID": "c42083e2-79f0-40ea-ab3d-83124c35edb2",
              "isHook": false,
              "skipped": false
            },
            {
              "title": "ne devrait pas ajouter un produit au panier si le stock est à 0 ou négatif",
              "fullTitle": "Ajout au panier et vérification du stock ne devrait pas ajouter un produit au panier si le stock est à 0 ou négatif",
              "timedOut": null,
              "duration": 9119,
              "state": "failed",
              "speed": null,
              "pass": false,
              "fail": true,
              "pending": false,
              "context": null,
              "code": "cy.contains('[data-cy=\"product\"]', \"Sentiments printaniers\").find('[data-cy=\"product-link\"]').click();\n// Vérifie que le stock affiché est bien à 0 ou négatif.\ncy.get('[data-cy=\"detail-product-stock\"]', {\n  timeout: 10000\n}).should($el => {\n  const rawText = $el.text();\n  const match = rawText.match(/-?\\d+/);\n  expect(match, \"Aucun chiffre trouvé dans le texte de stock\").to.not.be.null;\n  const stock = parseInt(match[0], 10);\n  expect(stock).to.be.at.most(0); // Vérifie que le stock est 0 ou négatif.\n});\n// Intercepte la requête d’ajout au panier.\ncy.intercept(\"PUT\", \"/orders/add\").as(\"addToCart\");\n// Tente d’ajouter une quantité au panier.\ncy.get('[data-cy=\"detail-product-quantity\"]').clear().type(\"1\");\ncy.get('[data-cy=\"detail-product-add\"]').click();\ncy.wait(\"@addToCart\"); // Attend la requête PUT.\n// Vérifie qu’on reste sur la fiche produit (pas de redirection vers le panier).\ncy.get('[data-cy=\"detail-product-name\"]', {\n  timeout: 5000\n}).should(\"be.visible\");",
              "err": {
                "message": "AssertionError: Timed out retrying after 5000ms: Expected to find element: `[data-cy=\"detail-product-name\"]`, but never found it.",
                "estack": "AssertionError: Timed out retrying after 5000ms: Expected to find element: `[data-cy=\"detail-product-name\"]`, but never found it.\n    at Context.eval (webpack:///./cypress/e2e/2-pannier.cy.js:95:65)",
                "diff": null
              },
              "uuid": "3264f6e8-1776-4bf6-91d9-4fa42c55f621",
              "parentUUID": "c42083e2-79f0-40ea-ab3d-83124c35edb2",
              "isHook": false,
              "skipped": false
            },
            {
              "title": "ne devrait pas permettre d’ajouter une quantité supérieure au stock",
              "fullTitle": "Ajout au panier et vérification du stock ne devrait pas permettre d’ajouter une quantité supérieure au stock",
              "timedOut": null,
              "duration": 10263,
              "state": "failed",
              "speed": null,
              "pass": false,
              "fail": true,
              "pending": false,
              "context": null,
              "code": "cy.contains('[data-cy=\"product\"]', \"Milkyway\").find('[data-cy=\"product-link\"]').click();\ncy.get('[data-cy=\"detail-product-price\"]', {\n  timeout: 10000\n}).should(\"be.visible\");\n// Extraction du stock disponible.\ncy.get('[data-cy=\"detail-product-stock\"]', {\n  timeout: 10000\n}).should($el => {\n  const stockText = $el.text().trim();\n  expect(stockText).to.match(/\\d+\\s*en stock/);\n}).invoke(\"text\").then(text => {\n  const cleaned = text.trim();\n  const match = cleaned.match(/\\d+/);\n  const availableStock = parseInt(match[0], 10);\n  const tooMuch = availableStock + 3; // Définit une quantité trop grande.\n  cy.get('[data-cy=\"detail-product-quantity\"]').clear().type(tooMuch.toString());\n  // Intercepte la requête d’ajout au panier.\n  cy.intercept(\"PUT\", \"/orders/add\").as(\"addToCart\");\n  cy.get('[data-cy=\"detail-product-add\"]').click();\n  cy.wait(\"@addToCart\");\n  // Vérifie qu’on reste sur la fiche produit (pas de redirection).\n  cy.get('[data-cy=\"detail-product-name\"]', {\n    timeout: 5000\n  }).should(\"be.visible\");\n});",
              "err": {
                "message": "AssertionError: Timed out retrying after 5000ms: Expected to find element: `[data-cy=\"detail-product-name\"]`, but never found it.",
                "estack": "AssertionError: Timed out retrying after 5000ms: Expected to find element: `[data-cy=\"detail-product-name\"]`, but never found it.\n    at Context.eval (webpack:///./cypress/e2e/2-pannier.cy.js:133:69)\n    at getRet (http://localhost:4200/__cypress/runner/cypress_runner.js:120949:20)\n    at tryCatcher (http://localhost:4200/__cypress/runner/cypress_runner.js:1777:23)\n    at Promise.attempt.Promise.try (http://localhost:4200/__cypress/runner/cypress_runner.js:4285:29)\n    at Context.thenFn (http://localhost:4200/__cypress/runner/cypress_runner.js:120960:66)\n    at Context.then (http://localhost:4200/__cypress/runner/cypress_runner.js:121211:21)\n    at wrapped (http://localhost:4200/__cypress/runner/cypress_runner.js:141532:19)",
                "diff": null
              },
              "uuid": "e395d459-00db-4f24-8396-0011d4ab9edb",
              "parentUUID": "c42083e2-79f0-40ea-ab3d-83124c35edb2",
              "isHook": false,
              "skipped": false
            },
            {
              "title": "ne devrait pas permettre d’ajouter une quantité négative au panier",
              "fullTitle": "Ajout au panier et vérification du stock ne devrait pas permettre d’ajouter une quantité négative au panier",
              "timedOut": null,
              "duration": 5183,
              "state": "passed",
              "speed": "medium",
              "pass": true,
              "fail": false,
              "pending": false,
              "context": null,
              "code": "cy.contains('[data-cy=\"product\"]', \"Mousse de rêve\").find('[data-cy=\"product-link\"]').click();\ncy.get('[data-cy=\"detail-product-price\"]', {\n  timeout: 10000\n}).should(\"be.visible\");\n// Saisie d’une quantité négative.\ncy.get('[data-cy=\"detail-product-quantity\"]').clear().type(\"-10\");\ncy.get('[data-cy=\"detail-product-add\"]').click();\n// Vérifie qu’il n’y a pas de redirection vers le panier.\ncy.location(\"hash\").should(\"not.include\", \"/cart\");\n// Vérifie qu’on reste sur la fiche produit.\ncy.get('[data-cy=\"detail-product-stock\"]').should(\"exist\");",
              "err": {},
              "uuid": "ea5c5dfe-f560-429d-8a7d-bf667a236150",
              "parentUUID": "c42083e2-79f0-40ea-ab3d-83124c35edb2",
              "isHook": false,
              "skipped": false
            }
          ],
          "suites": [],
          "passes": [
            "0d98b2a8-0c3d-4655-ad20-667cb07538dc",
            "ea5c5dfe-f560-429d-8a7d-bf667a236150"
          ],
          "failures": [
            "3264f6e8-1776-4bf6-91d9-4fa42c55f621",
            "e395d459-00db-4f24-8396-0011d4ab9edb"
          ],
          "pending": [],
          "skipped": [],
          "duration": 29282,
          "root": false,
          "rootEmpty": false,
          "_timeout": 2000
        }
      ],
      "passes": [],
      "failures": [],
      "pending": [],
      "skipped": [],
      "duration": 0,
      "root": true,
      "rootEmpty": true,
      "_timeout": 2000
    }
  ],
  "meta": {
    "mocha": {
      "version": "7.2.0"
    },
    "mochawesome": {
      "options": {
        "quiet": false,
        "reportFilename": "mochawesome",
        "saveHtml": true,
        "saveJson": true,
        "consoleReporter": "spec",
        "useInlineDiffs": false,
        "code": true
      },
      "version": "7.1.3"
    },
    "marge": {
      "options": {
        "reportDir": "cypress/reports/mochawesome",
        "overwrite": false,
        "html": true,
        "json": true
      },
      "version": "6.2.0"
    }
  }
}