{
  "stats": {
    "suites": 2,
    "tests": 3,
    "passes": 3,
    "pending": 0,
    "failures": 0,
    "start": "2025-07-22T19:27:20.074Z",
    "end": "2025-07-22T19:27:23.212Z",
    "duration": 3138,
    "testsRegistered": 3,
    "passPercent": 100,
    "pendingPercent": 0,
    "other": 0,
    "hasOther": false,
    "skipped": 0,
    "hasSkipped": false
  },
  "results": [
    {
      "uuid": "769ff38f-ae01-4433-994e-71d1d9f12029",
      "title": "",
      "fullFile": "cypress\\e2e\\apiPostOrders.cy.js",
      "file": "cypress\\e2e\\apiPostOrders.cy.js",
      "beforeHooks": [],
      "afterHooks": [],
      "tests": [],
      "suites": [
        {
          "uuid": "8be5db86-15ba-42c8-8344-b45403ee5cfc",
          "title": "POST /Orders avec commande",
          "fullFile": "",
          "file": "",
          "beforeHooks": [],
          "afterHooks": [],
          "tests": [
            {
              "title": "Devrait ajouter un produit au panier",
              "fullTitle": "POST /Orders avec commande Devrait ajouter un produit au panier",
              "timedOut": null,
              "duration": 1108,
              "state": "passed",
              "speed": "fast",
              "pass": true,
              "fail": false,
              "pending": false,
              "context": null,
              "code": "// Étape 1 : Ajouter un produit au panier\ncy.request({\n  method: \"PUT\",\n  url: apiUrl + \"/orders/add\",\n  headers: {\n    Authorization: \"Bearer \" + token\n  },\n  body: {\n    product: 6,\n    // ou un produit connu en stock\n    quantity: 1\n  }\n}).then(addResponse => {\n  expect(addResponse.status).to.eq(200); // Vérifie que l'ajout au panier est réussi\n});",
              "err": {},
              "uuid": "50d71813-cbf0-4afe-b654-d19e1023acd4",
              "parentUUID": "8be5db86-15ba-42c8-8344-b45403ee5cfc",
              "isHook": false,
              "skipped": false
            },
            {
              "title": "Devrait créer une commande avec succès",
              "fullTitle": "POST /Orders avec commande Devrait créer une commande avec succès",
              "timedOut": null,
              "duration": 244,
              "state": "passed",
              "speed": "fast",
              "pass": true,
              "fail": false,
              "pending": false,
              "context": null,
              "code": "cy.request({\n  method: \"POST\",\n  url: apiUrl + \"/orders\",\n  headers: {\n    Authorization: \"Bearer \" + token,\n    Accept: \"application/json\"\n  },\n  body: {\n    firstname: \"Test\",\n    lastname: \"Test\",\n    address: \"155 rue test\",\n    zipCode: \"75001\",\n    city: \"Paris\"\n  }\n}).then(response => {\n  expect(response.status).to.eq(200); // Vérifie que la commande est créée avec succès\n  expect(response.body).to.include({\n    firstname: \"Test\",\n    lastname: \"Test\",\n    zipCode: \"75001\",\n    city: \"Paris\",\n    validated: true\n  }); // Vérifie que les informations de la commande sont correctes\n  expect(response.body).to.have.property(\"orderLines\").and.to.be.an(\"array\"); // Vérifie que la commande contient des lignes de commande\n});",
              "err": {},
              "uuid": "419ee8ac-0bae-46a6-a9f2-76e125476d65",
              "parentUUID": "8be5db86-15ba-42c8-8344-b45403ee5cfc",
              "isHook": false,
              "skipped": false
            }
          ],
          "suites": [],
          "passes": [
            "50d71813-cbf0-4afe-b654-d19e1023acd4",
            "419ee8ac-0bae-46a6-a9f2-76e125476d65"
          ],
          "failures": [],
          "pending": [],
          "skipped": [],
          "duration": 1352,
          "root": false,
          "rootEmpty": false,
          "_timeout": 2000
        },
        {
          "uuid": "a7a95cb8-ed36-4292-b872-43ae22c04163",
          "title": "POST /orders sans commande",
          "fullFile": "",
          "file": "",
          "beforeHooks": [],
          "afterHooks": [],
          "tests": [
            {
              "title": "Devrait retourner 404 et un message explicite s'il n'y a pas de commande en cours",
              "fullTitle": "POST /orders sans commande Devrait retourner 404 et un message explicite s'il n'y a pas de commande en cours",
              "timedOut": null,
              "duration": 1732,
              "state": "passed",
              "speed": "fast",
              "pass": true,
              "fail": false,
              "pending": false,
              "context": null,
              "code": "const fakeEmail = _faker.faker.internet.email();\nconst fakeFirstName = _faker.faker.person.firstName();\nconst fakeLastName = _faker.faker.person.lastName();\nconst fakePassword = _faker.faker.internet.password();\n// Étape 1 : créer un utilisateur pour obtenir un token\ncy.request({\n  method: \"POST\",\n  url: apiUrl + \"/register\",\n  body: {\n    email: fakeEmail,\n    firstname: fakeFirstName,\n    lastname: fakeLastName,\n    plainPassword: {\n      first: fakePassword,\n      second: fakePassword\n    }\n  }\n}).then(response => {\n  expect(response.status).to.eq(200); // Vérifie que l'inscription est réussie\n  // Étape 2 : login pour obtenir un token valide\n  cy.request(\"POST\", apiUrl + \"/login\", {\n    username: fakeEmail,\n    password: fakePassword\n  }).then(response => {\n    expect(response.status).to.eq(200); // Vérifie que la connexion est réussie\n    const token = response.body.token;\n    // Étape 3 : test POST /orders\n    cy.request({\n      method: \"POST\",\n      url: apiUrl + \"/orders\",\n      headers: {\n        Authorization: `Bearer ${token}`,\n        Accept: \"application/json\"\n      },\n      failOnStatusCode: false // Permet de capturer la réponse même si le code est une erreur\n    }).then(response => {\n      expect(response.status).to.eq(404); // Vérifie que le serveur retourne une erreur 404\n      if (typeof response.body === \"string\") {\n        expect(response.body).to.include(\"Pas de commande en cours\"); // Vérifie le message d'erreur retourné\n      }\n    });\n  });\n});",
              "err": {},
              "uuid": "9a3d45d9-548a-44d5-97f5-b16572a770e4",
              "parentUUID": "a7a95cb8-ed36-4292-b872-43ae22c04163",
              "isHook": false,
              "skipped": false
            }
          ],
          "suites": [],
          "passes": [
            "9a3d45d9-548a-44d5-97f5-b16572a770e4"
          ],
          "failures": [],
          "pending": [],
          "skipped": [],
          "duration": 1732,
          "root": false,
          "rootEmpty": false,
          "_timeout": 2000
        }
      ],
      "passes": [],
      "failures": [],
      "pending": [],
      "skipped": [],
      "duration": 0,
      "root": true,
      "rootEmpty": true,
      "_timeout": 2000
    }
  ],
  "meta": {
    "mocha": {
      "version": "7.2.0"
    },
    "mochawesome": {
      "options": {
        "quiet": false,
        "reportFilename": "mochawesome",
        "saveHtml": true,
        "saveJson": true,
        "consoleReporter": "spec",
        "useInlineDiffs": false,
        "code": true
      },
      "version": "7.1.3"
    },
    "marge": {
      "options": {
        "reportDir": "cypress/reports/mochawesome",
        "overwrite": false,
        "html": true,
        "json": true
      },
      "version": "6.2.0"
    }
  }
}