{
  "stats": {
    "suites": 1,
    "tests": 1,
    "passes": 1,
    "pending": 0,
    "failures": 0,
    "start": "2025-07-22T19:25:43.986Z",
    "end": "2025-07-22T19:25:50.727Z",
    "duration": 6741,
    "testsRegistered": 1,
    "passPercent": 100,
    "pendingPercent": 0,
    "other": 0,
    "hasOther": false,
    "skipped": 0,
    "hasSkipped": false
  },
  "results": [
    {
      "uuid": "239fabe7-cd5b-4145-84bd-6b357381918d",
      "title": "",
      "fullFile": "cypress\\e2e\\3-smokeBoutonPannier.cy.js",
      "file": "cypress\\e2e\\3-smokeBoutonPannier.cy.js",
      "beforeHooks": [],
      "afterHooks": [],
      "tests": [],
      "suites": [
        {
          "uuid": "39bf3165-ea65-4805-8973-9aed96d7428e",
          "title": "Vérifier présence bouton 'Ajouter au panier' sur plusieurs fiches produit",
          "fullFile": "",
          "file": "",
          "beforeHooks": [],
          "afterHooks": [],
          "tests": [
            {
              "title": "devrait vérifier le bouton sur les 3 premiers produits",
              "fullTitle": "Vérifier présence bouton 'Ajouter au panier' sur plusieurs fiches produit devrait vérifier le bouton sur les 3 premiers produits",
              "timedOut": null,
              "duration": 6618,
              "state": "passed",
              "speed": "medium",
              "pass": true,
              "fail": false,
              "pending": false,
              "context": null,
              "code": "// Vérifie le bouton des 3 premiers produits en utilisant une commande personnalisée.\ncy.checkAddToCartButtonFromProductIndex(0);\ncy.checkAddToCartButtonFromProductIndex(1);\ncy.checkAddToCartButtonFromProductIndex(2);",
              "err": {},
              "uuid": "4ea57e0a-6c3b-4cb3-8045-a7096cefb883",
              "parentUUID": "39bf3165-ea65-4805-8973-9aed96d7428e",
              "isHook": false,
              "skipped": false
            }
          ],
          "suites": [],
          "passes": [
            "4ea57e0a-6c3b-4cb3-8045-a7096cefb883"
          ],
          "failures": [],
          "pending": [],
          "skipped": [],
          "duration": 6618,
          "root": false,
          "rootEmpty": false,
          "_timeout": 2000
        }
      ],
      "passes": [],
      "failures": [],
      "pending": [],
      "skipped": [],
      "duration": 0,
      "root": true,
      "rootEmpty": true,
      "_timeout": 2000
    }
  ],
  "meta": {
    "mocha": {
      "version": "7.2.0"
    },
    "mochawesome": {
      "options": {
        "quiet": false,
        "reportFilename": "mochawesome",
        "saveHtml": true,
        "saveJson": true,
        "consoleReporter": "spec",
        "useInlineDiffs": false,
        "code": true
      },
      "version": "7.1.3"
    },
    "marge": {
      "options": {
        "reportDir": "cypress/reports/mochawesome",
        "overwrite": false,
        "html": true,
        "json": true
      },
      "version": "6.2.0"
    }
  }
}