{
  "stats": {
    "suites": 3,
    "tests": 3,
    "passes": 3,
    "pending": 0,
    "failures": 0,
    "start": "2025-07-22T19:26:27.922Z",
    "end": "2025-07-22T19:26:31.341Z",
    "duration": 3419,
    "testsRegistered": 3,
    "passPercent": 100,
    "pendingPercent": 0,
    "other": 0,
    "hasOther": false,
    "skipped": 0,
    "hasSkipped": false
  },
  "results": [
    {
      "uuid": "a34d94c7-f241-4162-8951-2c85101f606f",
      "title": "",
      "fullFile": "cypress\\e2e\\apiGetOrders.cy.js",
      "file": "cypress\\e2e\\apiGetOrders.cy.js",
      "beforeHooks": [],
      "afterHooks": [],
      "tests": [],
      "suites": [
        {
          "uuid": "060acaf5-ffd3-4960-a583-5612614c5bb4",
          "title": "GET /orders sans authentification",
          "fullFile": "",
          "file": "",
          "beforeHooks": [],
          "afterHooks": [],
          "tests": [
            {
              "title": "should return 401 KO",
              "fullTitle": "GET /orders sans authentification should return 401 KO",
              "timedOut": null,
              "duration": 251,
              "state": "passed",
              "speed": "fast",
              "pass": true,
              "fail": false,
              "pending": false,
              "context": null,
              "code": "cy.request({\n  method: \"GET\",\n  url: apiUrl + \"/orders\",\n  failOnStatusCode: false // Permet de capturer la réponse même si le code est une erreur.\n}).then(response => {\n  expect(response.status).to.eq(401); // Vérifie le code de statut.\n  expect(response.body.message).to.include(\"JWT Token not found\"); // Vérifie le message d'erreur.\n  cy.log(\"Response body:\", response.body); // Affiche le corps de la réponse dans les logs.\n});",
              "err": {},
              "uuid": "50fd4e2d-9b78-45ca-82b4-614c6a581b43",
              "parentUUID": "060acaf5-ffd3-4960-a583-5612614c5bb4",
              "isHook": false,
              "skipped": false
            }
          ],
          "suites": [],
          "passes": [
            "50fd4e2d-9b78-45ca-82b4-614c6a581b43"
          ],
          "failures": [],
          "pending": [],
          "skipped": [],
          "duration": 251,
          "root": false,
          "rootEmpty": false,
          "_timeout": 2000
        },
        {
          "uuid": "cdec591f-f9ad-48e7-8345-7b9e9f41e4d4",
          "title": "GET /orders avec authentification",
          "fullFile": "",
          "file": "",
          "beforeHooks": [],
          "afterHooks": [],
          "tests": [
            {
              "title": "Devrait retourner un 200 avec un property orderLines",
              "fullTitle": "GET /orders avec authentification Devrait retourner un 200 avec un property orderLines",
              "timedOut": null,
              "duration": 1069,
              "state": "passed",
              "speed": "fast",
              "pass": true,
              "fail": false,
              "pending": false,
              "context": null,
              "code": "cy.request({\n  method: \"GET\",\n  url: apiUrl + \"/orders\",\n  headers: {\n    Authorization: \"Bearer \" + token // Utilise le token d'authentification.\n  },\n  body: {\n    //s’il y a un body\n  }\n}).then(response => {\n  // Assertions pour le test\n  expect(response.status).to.eq(200); // Vérifie le code de statut.\n  expect(response.body).to.have.property(\"orderLines\"); // Vérifie la présence de la propriété orderLines.\n});",
              "err": {},
              "uuid": "5f457e0d-3fd4-4f00-9e9a-c06f48e247a5",
              "parentUUID": "cdec591f-f9ad-48e7-8345-7b9e9f41e4d4",
              "isHook": false,
              "skipped": false
            }
          ],
          "suites": [],
          "passes": [
            "5f457e0d-3fd4-4f00-9e9a-c06f48e247a5"
          ],
          "failures": [],
          "pending": [],
          "skipped": [],
          "duration": 1069,
          "root": false,
          "rootEmpty": false,
          "_timeout": 2000
        },
        {
          "uuid": "6c37f829-ed62-403d-9f89-c80704654a3d",
          "title": "GET /orders sans commande",
          "fullFile": "",
          "file": "",
          "beforeHooks": [],
          "afterHooks": [],
          "tests": [
            {
              "title": "Devrait retourner 404 et un message explicite s'il n'y a pas de commande en cours",
              "fullTitle": "GET /orders sans commande Devrait retourner 404 et un message explicite s'il n'y a pas de commande en cours",
              "timedOut": null,
              "duration": 1968,
              "state": "passed",
              "speed": "fast",
              "pass": true,
              "fail": false,
              "pending": false,
              "context": null,
              "code": "// Génère des données factices pour créer un nouvel utilisateur.\nconst fakeEmail = _faker.faker.internet.email();\nconst fakeFirstName = _faker.faker.person.firstName();\nconst fakeLastName = _faker.faker.person.lastName();\nconst fakePassword = _faker.faker.internet.password();\n// Étape 1 : création d'un utilisateur pour obtenir un token.\ncy.request({\n  method: \"POST\",\n  url: apiUrl + \"/register\",\n  body: {\n    email: fakeEmail,\n    firstname: fakeFirstName,\n    lastname: fakeLastName,\n    plainPassword: {\n      first: fakePassword,\n      second: fakePassword\n    }\n  }\n}).then(resRegister => {\n  expect(resRegister.status).to.eq(200); // Vérifie que l'inscription est réussie.\n  // Étape 2 : connexion avec le nouvel utilisateur pour obtenir un token.\n  cy.request(\"POST\", apiUrl + \"/login\", {\n    username: fakeEmail,\n    password: fakePassword\n  }).then(resLogin => {\n    expect(resLogin.status).to.eq(200); // Vérifie que la connexion est réussie.\n    const token = resLogin.body.token; // Récupère le token.\n    // Étape 3 : test de la route GET /orders avec le nouvel utilisateur.\n    cy.request({\n      method: \"GET\",\n      url: apiUrl + \"/orders\",\n      headers: {\n        Authorization: `Bearer ${token}`,\n        Accept: \"application/json\"\n      },\n      failOnStatusCode: false // Permet de capturer la réponse même si le code est une erreur.\n    }).then(response => {\n      expect(response.status).to.eq(404); // Vérifie que le code de statut est 404.\n      if (typeof response.body === \"string\") {\n        expect(response.body).to.include(\"Aucune commande en cours\"); // Vérifie le message d'erreur.\n      }\n    });\n  });\n});",
              "err": {},
              "uuid": "e9bc2ae7-6722-4fb7-84cb-ba918f2e46d1",
              "parentUUID": "6c37f829-ed62-403d-9f89-c80704654a3d",
              "isHook": false,
              "skipped": false
            }
          ],
          "suites": [],
          "passes": [
            "e9bc2ae7-6722-4fb7-84cb-ba918f2e46d1"
          ],
          "failures": [],
          "pending": [],
          "skipped": [],
          "duration": 1968,
          "root": false,
          "rootEmpty": false,
          "_timeout": 2000
        }
      ],
      "passes": [],
      "failures": [],
      "pending": [],
      "skipped": [],
      "duration": 0,
      "root": true,
      "rootEmpty": true,
      "_timeout": 2000
    }
  ],
  "meta": {
    "mocha": {
      "version": "7.2.0"
    },
    "mochawesome": {
      "options": {
        "quiet": false,
        "reportFilename": "mochawesome",
        "saveHtml": true,
        "saveJson": true,
        "consoleReporter": "spec",
        "useInlineDiffs": false,
        "code": true
      },
      "version": "7.1.3"
    },
    "marge": {
      "options": {
        "reportDir": "cypress/reports/mochawesome",
        "overwrite": false,
        "html": true,
        "json": true
      },
      "version": "6.2.0"
    }
  }
}