{
  "stats": {
    "suites": 1,
    "tests": 1,
    "passes": 1,
    "pending": 0,
    "failures": 0,
    "start": "2025-07-22T19:38:55.440Z",
    "end": "2025-07-22T19:39:04.078Z",
    "duration": 8638,
    "testsRegistered": 1,
    "passPercent": 100,
    "pendingPercent": 0,
    "other": 0,
    "hasOther": false,
    "skipped": 0,
    "hasSkipped": false
  },
  "results": [
    {
      "uuid": "3c6100b0-da9d-4670-a2d2-05fb918183dd",
      "title": "",
      "fullFile": "cypress\\e2e\\3-smokeBoutonPannier.cy.js",
      "file": "cypress\\e2e\\3-smokeBoutonPannier.cy.js",
      "beforeHooks": [],
      "afterHooks": [],
      "tests": [],
      "suites": [
        {
          "uuid": "63eebf1a-a69d-4fbf-acc4-813c9e1665e8",
          "title": "Vérifier présence bouton 'Ajouter au panier' sur plusieurs fiches produit",
          "fullFile": "",
          "file": "",
          "beforeHooks": [],
          "afterHooks": [],
          "tests": [
            {
              "title": "devrait vérifier le bouton sur les 3 premiers produits",
              "fullTitle": "Vérifier présence bouton 'Ajouter au panier' sur plusieurs fiches produit devrait vérifier le bouton sur les 3 premiers produits",
              "timedOut": null,
              "duration": 8512,
              "state": "passed",
              "speed": "medium",
              "pass": true,
              "fail": false,
              "pending": false,
              "context": null,
              "code": "// Vérifie le bouton des 3 premiers produits en utilisant une commande personnalisée.\ncy.checkAddToCartButtonFromProductIndex(0);\ncy.checkAddToCartButtonFromProductIndex(1);\ncy.checkAddToCartButtonFromProductIndex(2);",
              "err": {},
              "uuid": "34c6817a-6578-447c-8f4e-c92e3f617b92",
              "parentUUID": "63eebf1a-a69d-4fbf-acc4-813c9e1665e8",
              "isHook": false,
              "skipped": false
            }
          ],
          "suites": [],
          "passes": [
            "34c6817a-6578-447c-8f4e-c92e3f617b92"
          ],
          "failures": [],
          "pending": [],
          "skipped": [],
          "duration": 8512,
          "root": false,
          "rootEmpty": false,
          "_timeout": 2000
        }
      ],
      "passes": [],
      "failures": [],
      "pending": [],
      "skipped": [],
      "duration": 0,
      "root": true,
      "rootEmpty": true,
      "_timeout": 2000
    }
  ],
  "meta": {
    "mocha": {
      "version": "7.2.0"
    },
    "mochawesome": {
      "options": {
        "quiet": false,
        "reportFilename": "mochawesome",
        "saveHtml": true,
        "saveJson": true,
        "consoleReporter": "spec",
        "useInlineDiffs": false,
        "code": true
      },
      "version": "7.1.3"
    },
    "marge": {
      "options": {
        "reportDir": "cypress/reports/mochawesome",
        "overwrite": false,
        "html": true,
        "json": true
      },
      "version": "6.2.0"
    }
  }
}